\BOOKMARK [0][-]{titulo.0}{\376\377\000P\000\341\000g\000i\000n\000a\000\040\000d\000e\000\040\000T\000\355\000t\000u\000l\000o}{}% 1
\BOOKMARK [0][-]{indices.0}{\376\377\000\315\000n\000d\000i\000c\000e\000s}{}% 2
\BOOKMARK [1][-]{tabla de contenidos.1}{\376\377\000T\000a\000b\000l\000a\000\040\000d\000e\000\040\000C\000o\000n\000t\000e\000n\000i\000d\000o\000s}{indices.0}% 3
\BOOKMARK [1][-]{indice de figuras.1}{\376\377\000\315\000n\000d\000i\000c\000e\000\040\000d\000e\000\040\000f\000i\000g\000u\000r\000a\000s}{indices.0}% 4
\BOOKMARK [1][-]{indice de tablas.1}{\376\377\000\315\000n\000d\000i\000c\000e\000\040\000d\000e\000\040\000t\000a\000b\000l\000a\000s}{indices.0}% 5
\BOOKMARK [0][-]{chapter.9}{\376\377\000I\000n\000t\000r\000o\000d\000u\000c\000c\000i\000\363\000n}{}% 6
\BOOKMARK [1][-]{section.10}{\376\377\000M\000o\000t\000i\000v\000a\000c\000i\000\363\000n}{chapter.9}% 7
\BOOKMARK [1][-]{section.11}{\376\377\000O\000b\000j\000e\000t\000i\000v\000o\000s}{chapter.9}% 8
\BOOKMARK [1][-]{section.12}{\376\377\000E\000s\000t\000r\000u\000c\000t\000u\000r\000a\000\040\000d\000e\000l\000\040\000p\000r\000o\000y\000e\000c\000t\000o}{chapter.9}% 9
\BOOKMARK [0][-]{chapter.13}{\376\377\000I\000n\000t\000r\000o\000d\000u\000c\000t\000i\000o\000n}{}% 10
\BOOKMARK [0][-]{chapter.14}{\376\377\000E\000s\000t\000a\000d\000o\000\040\000d\000e\000l\000\040\000a\000r\000t\000e}{}% 11
\BOOKMARK [1][-]{section.15}{\376\377\000A\000d\000a\000p\000t\000a\000c\000i\000\363\000n\000\040\000c\000u\000r\000r\000i\000c\000u\000l\000a\000r}{chapter.14}% 12
\BOOKMARK [2][-]{subsection.16}{\376\377\000A\000d\000a\000p\000t\000a\000c\000i\000o\000n\000e\000s\000\040\000d\000e\000\040\000a\000c\000c\000e\000s\000o\000\040\000a\000l\000\040\000c\000u\000r\000r\000\355\000c\000u\000l\000u\000m}{section.15}% 13
\BOOKMARK [2][-]{subsection.20}{\376\377\000A\000d\000a\000p\000t\000a\000c\000i\000o\000n\000e\000s\000\040\000c\000u\000r\000r\000i\000c\000u\000l\000a\000r\000e\000s\000\040\000i\000n\000d\000i\000v\000i\000d\000u\000a\000l\000i\000z\000a\000d\000a\000s}{section.15}% 14
\BOOKMARK [2][-]{subsection.23}{\376\377\000E\000j\000e\000m\000p\000l\000i\000f\000i\000c\000a\000c\000i\000\363\000n\000\040\000d\000e\000\040\000a\000l\000g\000u\000n\000a\000s\000\040\000a\000d\000a\000p\000t\000a\000c\000i\000o\000n\000e\000s\000\040\000c\000u\000r\000r\000i\000c\000u\000l\000a\000r\000e\000s\000\040\000a\000s\000o\000c\000i\000a\000d\000a\000s\000\040\000a\000\040\000d\000i\000f\000e\000r\000e\000n\000t\000e\000s\000\040\000n\000e\000c\000e\000s\000i\000d\000a\000d\000e\000s\000\040}{section.15}% 15
\BOOKMARK [1][-]{section.24}{\376\377\000H\000e\000r\000r\000a\000m\000i\000e\000n\000t\000a\000s\000\040\000e\000x\000i\000s\000t\000e\000n\000t\000e\000s\000\040\000p\000a\000r\000a\000\040\000a\000d\000a\000p\000t\000a\000c\000i\000o\000n\000e\000s\000\040\000c\000u\000r\000r\000i\000c\000u\000l\000a\000r\000e\000s}{chapter.14}% 16
\BOOKMARK [2][-]{subsection.25}{\376\377\000S\000y\000m\000W\000r\000i\000t\000e\000r}{section.24}% 17
\BOOKMARK [2][-]{subsection.28}{\376\377\000E\000d\000u\000c\000a\000P\000l\000a\000y}{section.24}% 18
\BOOKMARK [2][-]{subsection.32}{\376\377\000A\000d\000a\000p\000t\000a\000M\000a\000t\000e\000r\000i\000a\000l\000E\000s\000c\000o\000l\000a\000r\0001\000.\0000}{section.24}% 19
\BOOKMARK [0][-]{chapter.33}{\376\377\000M\000e\000t\000o\000d\000o\000l\000o\000g\000\355\000a}{}% 20
\BOOKMARK [1][-]{section.34}{\376\377\000M\000e\000t\000o\000d\000o\000l\000o\000g\000\355\000a\000\040\000d\000e\000\040\000d\000e\000s\000a\000r\000r\000o\000l\000l\000o}{chapter.33}% 21
\BOOKMARK [2][-]{subsection.35}{\376\377\000T\000a\000b\000l\000e\000r\000o\000\040\000K\000a\000n\000b\000a\000n}{section.34}% 22
\BOOKMARK [2][-]{subsection.39}{\376\377\000P\000o\000l\000\355\000t\000i\000c\000a\000s\000\040\000e\000x\000p\000l\000\355\000c\000i\000t\000a\000s}{section.34}% 23
\BOOKMARK [2][-]{subsection.40}{\376\377\000C\000l\000a\000s\000e\000s\000\040\000d\000e\000\040\000s\000e\000r\000v\000i\000c\000i\000o\000s}{section.34}% 24
\BOOKMARK [1][-]{section.41}{\376\377\000P\000l\000a\000n\000\040\000d\000e\000\040\000P\000r\000u\000e\000b\000a\000s}{chapter.33}% 25
\BOOKMARK [2][-]{subsection.42}{\376\377\000P\000r\000u\000e\000b\000a\000s\000\040\000U\000n\000i\000t\000a\000r\000i\000a\000s}{section.41}% 26
\BOOKMARK [2][-]{subsection.43}{\376\377\000P\000r\000u\000e\000b\000a\000s\000\040\000d\000e\000\040\000i\000n\000t\000e\000g\000r\000a\000c\000i\000\363\000n}{section.41}% 27
\BOOKMARK [2][-]{subsection.44}{\376\377\000I\000n\000t\000e\000g\000r\000a\000c\000i\000\363\000n\000\040\000c\000o\000n\000t\000i\000n\000u\000a}{section.41}% 28
\BOOKMARK [0][-]{chapter.45}{\376\377\000A\000d\000a\000p\000t\000a\000M\000a\000t\000e\000r\000i\000a\000l\000E\000s\000c\000o\000l\000a\000r\0002\000.\0000}{}% 29
\BOOKMARK [1][-]{section.46}{\376\377\000R\000e\000q\000u\000i\000s\000i\000t\000o\000s}{chapter.45}% 30
\BOOKMARK [1][-]{section.48}{\376\377\000D\000i\000s\000e\000\361\000o\000\040\000d\000e\000\040\000l\000a\000\040\000a\000p\000l\000i\000a\000c\000i\000\363\000n}{chapter.45}% 31
\BOOKMARK [0][-]{chapter.54}{\376\377\000C\000o\000n\000c\000l\000u\000s\000i\000o\000n\000e\000s\000\040\000y\000\040\000T\000r\000a\000b\000a\000j\000o\000\040\000F\000u\000t\000u\000r\000o}{}% 32
\BOOKMARK [0][-]{chapter.55}{\376\377\000C\000o\000n\000c\000l\000u\000s\000i\000o\000n\000s\000\040\000a\000n\000d\000\040\000F\000u\000t\000u\000r\000e\000\040\000W\000o\000r\000k}{}% 33
\BOOKMARK [0][-]{chapter.56}{\376\377\000T\000r\000a\000b\000a\000j\000o\000\040\000I\000n\000d\000i\000v\000i\000d\000u\000a\000l}{}% 34
\BOOKMARK [1][-]{section.57}{\376\377\000\301\000l\000v\000a\000r\000o\000\040\000G\000\363\000m\000e\000z\000\040\000S\000i\000t\000t\000i\000m\000a}{chapter.56}% 35
\BOOKMARK [1][-]{section.58}{\376\377\000D\000u\000n\000i\000a\000\040\000N\000a\000m\000o\000u\000r\000\040\000D\000o\000u\000g\000h\000a\000n\000i}{chapter.56}% 36
\BOOKMARK [1][-]{section.59}{\376\377\000A\000l\000b\000e\000r\000t\000o\000\040\000A\000l\000e\000j\000a\000n\000d\000r\000o\000\040\000R\000i\000v\000a\000s\000\040\000F\000e\000r\000n\000a\000n\000d\000e\000z}{chapter.56}% 37
\BOOKMARK [1][-]{section.60}{\376\377\000J\000o\000h\000a\000n\000\040\000S\000e\000b\000a\000s\000t\000i\000a\000n\000\040\000S\000a\000l\000v\000a\000t\000i\000e\000r\000r\000a\000\040\000G\000u\000t\000i\000e\000r\000r\000e\000z}{chapter.56}% 38
\BOOKMARK [0][-]{appendix*.61}{\376\377\000B\000i\000b\000l\000i\000o\000g\000r\000a\000f\000\355\000a}{}% 39
\BOOKMARK [0][-]{fin.0}{\376\377\000F\000i\000n}{}% 40
