\BOOKMARK [0][-]{titulo.0}{\376\377\000P\000\341\000g\000i\000n\000a\000\040\000d\000e\000\040\000T\000\355\000t\000u\000l\000o}{}% 1
\BOOKMARK [0][-]{indices.0}{\376\377\000\315\000n\000d\000i\000c\000e\000s}{}% 2
\BOOKMARK [1][-]{tabla de contenidos.1}{\376\377\000T\000a\000b\000l\000a\000\040\000d\000e\000\040\000C\000o\000n\000t\000e\000n\000i\000d\000o\000s}{indices.0}% 3
\BOOKMARK [1][-]{indice de figuras.1}{\376\377\000\315\000n\000d\000i\000c\000e\000\040\000d\000e\000\040\000f\000i\000g\000u\000r\000a\000s}{indices.0}% 4
\BOOKMARK [1][-]{indice de tablas.1}{\376\377\000\315\000n\000d\000i\000c\000e\000\040\000d\000e\000\040\000t\000a\000b\000l\000a\000s}{indices.0}% 5
\BOOKMARK [0][-]{chapter.9}{\376\377\000I\000n\000t\000r\000o\000d\000u\000c\000c\000i\000\363\000n}{}% 6
\BOOKMARK [1][-]{section.10}{\376\377\000M\000o\000t\000i\000v\000a\000c\000i\000\363\000n}{chapter.9}% 7
\BOOKMARK [1][-]{section.11}{\376\377\000O\000b\000j\000e\000t\000i\000v\000o\000s}{chapter.9}% 8
\BOOKMARK [0][-]{chapter.12}{\376\377\000I\000n\000t\000r\000o\000d\000u\000c\000t\000i\000o\000n}{}% 9
\BOOKMARK [0][-]{chapter.13}{\376\377\000E\000s\000t\000a\000d\000o\000\040\000d\000e\000l\000\040\000a\000r\000t\000e}{}% 10
\BOOKMARK [1][-]{section.14}{\376\377\000A\000d\000a\000p\000t\000a\000c\000i\000\363\000n\000\040\000c\000u\000r\000r\000i\000c\000u\000l\000a\000r}{chapter.13}% 11
\BOOKMARK [2][-]{subsection.15}{\376\377\000C\000o\000n\000c\000e\000p\000t\000o\000\040\000d\000e\000\040\000l\000a\000\040\000a\000d\000a\000p\000t\000a\000c\000i\000\363\000n\000\040\000c\000u\000r\000r\000i\000c\000u\000l\000a\000r}{section.14}% 12
\BOOKMARK [2][-]{subsection.16}{\376\377\000A\000d\000a\000p\000t\000a\000c\000i\000o\000n\000e\000s\000\040\000d\000e\000\040\000a\000c\000c\000e\000s\000o}{section.14}% 13
\BOOKMARK [2][-]{subsection.20}{\376\377\000A\000d\000a\000p\000t\000a\000c\000i\000o\000n\000e\000s\000\040\000d\000e\000l\000\040\000c\000u\000r\000r\000\355\000c\000u\000l\000o}{section.14}% 14
\BOOKMARK [2][-]{subsection.23}{\376\377\000E\000j\000e\000m\000p\000l\000i\000f\000i\000c\000a\000c\000i\000\363\000n\000\040\000d\000e\000\040\000a\000l\000g\000u\000n\000a\000s\000\040\000a\000d\000a\000p\000t\000a\000c\000i\000o\000n\000e\000s\000\040\000c\000u\000r\000r\000i\000c\000u\000l\000a\000r\000e\000s\000\040\000a\000s\000o\000c\000i\000a\000d\000a\000s\000\040\000a\000\040\000d\000i\000f\000e\000r\000e\000n\000t\000e\000s\000\040\000n\000e\000c\000e\000s\000i\000d\000a\000d\000e\000s\000\040}{section.14}% 15
\BOOKMARK [2][-]{subsection.24}{\376\377\000C\000o\000n\000c\000l\000u\000s\000i\000\363\000n}{section.14}% 16
\BOOKMARK [1][-]{section.25}{\376\377\000H\000e\000r\000r\000a\000m\000i\000e\000n\000t\000a\000s\000\040\000e\000x\000i\000s\000t\000e\000n\000t\000e\000s\000\040\000p\000a\000r\000a\000\040\000a\000d\000a\000p\000t\000a\000c\000i\000o\000n\000e\000s\000\040\000c\000u\000r\000r\000i\000c\000u\000l\000a\000r\000e\000s}{chapter.13}% 17
\BOOKMARK [1][-]{section.30}{\376\377\000A\000d\000a\000p\000t\000a\000M\000a\000t\000e\000r\000i\000a\000l\000E\000s\000c\000o\000l\000a\000r\0001\000.\0000}{chapter.13}% 18
\BOOKMARK [2][-]{subsection.31}{\376\377\000C\000a\000p\000t\000u\000r\000a\000\040\000d\000e\000\040\000r\000e\000q\000u\000i\000s\000i\000t\000o\000s}{section.30}% 19
\BOOKMARK [2][-]{subsection.32}{\376\377\000D\000i\000s\000e\000\361\000o\000\040\000d\000e\000\040\000l\000a\000\040\000a\000p\000l\000i\000c\000a\000c\000i\000\363\000n}{section.30}% 20
\BOOKMARK [2][-]{subsection.33}{\376\377\000I\000m\000p\000l\000e\000m\000e\000n\000t\000a\000c\000i\000\363\000n}{section.30}% 21
\BOOKMARK [2][-]{subsection.34}{\376\377\000E\000v\000a\000l\000u\000a\000c\000i\000\363\000n}{section.30}% 22
\BOOKMARK [0][-]{chapter.35}{\376\377\000C\000h\000i\000c\000h\000a}{}% 23
\BOOKMARK [1][-]{section.36}{\376\377\000M\000e\000t\000o\000d\000o\000l\000o\000g\000\355\000a\000\040\000d\000e\000\040\000d\000e\000s\000a\000r\000r\000o\000l\000l\000o}{chapter.35}% 24
\BOOKMARK [2][-]{subsection.37}{\376\377\000P\000o\000l\000\355\000t\000i\000c\000a\000s\000\040\000e\000x\000p\000l\000\355\000c\000i\000t\000a\000s}{section.36}% 25
\BOOKMARK [2][-]{subsection.38}{\376\377\000C\000l\000a\000s\000e\000s\000\040\000d\000e\000\040\000s\000e\000r\000v\000i\000c\000i\000o\000s}{section.36}% 26
\BOOKMARK [1][-]{section.39}{\376\377\000P\000l\000a\000n\000\040\000d\000e\000\040\000P\000r\000u\000e\000b\000a\000s}{chapter.35}% 27
\BOOKMARK [2][-]{subsection.40}{\376\377\000T\000i\000p\000o\000s\000\040\000d\000e\000\040\000p\000r\000u\000e\000b\000a\000s}{section.39}% 28
\BOOKMARK [2][-]{subsection.41}{\376\377\000P\000r\000u\000e\000b\000a\000s\000\040\000r\000e\000l\000a\000c\000i\000o\000n\000a\000d\000a\000s\000\040\000c\000o\000n\000\040\000l\000a\000\040\000m\000e\000m\000o\000r\000i\000a}{section.39}% 29
\BOOKMARK [2][-]{subsection.45}{\376\377\000P\000r\000u\000e\000b\000a\000s\000\040\000d\000e\000\040\000i\000m\000p\000l\000e\000m\000e\000n\000t\000a\000c\000i\000\363\000n}{section.39}% 30
\BOOKMARK [2][-]{subsection.48}{\376\377\000I\000n\000t\000e\000g\000r\000a\000c\000i\000\363\000n\000\040\000c\000o\000n\000t\000i\000n\000u\000a}{section.39}% 31
\BOOKMARK [0][-]{chapter.50}{\376\377\000C\000o\000n\000c\000l\000u\000s\000i\000o\000n\000e\000s\000\040\000y\000\040\000T\000r\000a\000b\000a\000j\000o\000\040\000F\000u\000t\000u\000r\000o}{}% 32
\BOOKMARK [0][-]{chapter.51}{\376\377\000C\000o\000n\000c\000l\000u\000s\000i\000o\000n\000s\000\040\000a\000n\000d\000\040\000F\000u\000t\000u\000r\000e\000\040\000W\000o\000r\000k}{}% 33
\BOOKMARK [0][-]{appendix*.52}{\376\377\000B\000i\000b\000l\000i\000o\000g\000r\000a\000f\000\355\000a}{}% 34
\BOOKMARK [0][-]{fin.0}{\376\377\000F\000i\000n}{}% 35
